<?xml version="1.0" encoding="UTF-8"?>
<testsuite xmlns:xsi="http://www.w3.org/2001/XMLSchema-instance" xsi:noNamespaceSchemaLocation="https://maven.apache.org/surefire/maven-surefire-plugin/xsd/surefire-test-report.xsd" name="TestSuite" time="5.13" tests="0" errors="0" skipped="0" failures="0">
  <properties>
    <property name="java.specification.version" value="15"/>
    <property name="sun.jnu.encoding" value="UTF-8"/>
    <property name="java.class.path" value="/Users/mohammaddabbagh/eclipse-workspace/capital/target/test-classes:/Users/mohammaddabbagh/eclipse-workspace/capital/target/classes:/Users/mohammaddabbagh/.m2/repository/org/seleniumhq/selenium/selenium-java/3.141.59/selenium-java-3.141.59.jar:/Users/mohammaddabbagh/.m2/repository/org/seleniumhq/selenium/selenium-api/3.141.59/selenium-api-3.141.59.jar:/Users/mohammaddabbagh/.m2/repository/org/seleniumhq/selenium/selenium-opera-driver/3.141.59/selenium-opera-driver-3.141.59.jar:/Users/mohammaddabbagh/.m2/repository/org/seleniumhq/selenium/selenium-remote-driver/3.141.59/selenium-remote-driver-3.141.59.jar:/Users/mohammaddabbagh/.m2/repository/org/seleniumhq/selenium/selenium-safari-driver/3.141.59/selenium-safari-driver-3.141.59.jar:/Users/mohammaddabbagh/.m2/repository/org/seleniumhq/selenium/selenium-support/3.141.59/selenium-support-3.141.59.jar:/Users/mohammaddabbagh/.m2/repository/net/bytebuddy/byte-buddy/1.8.15/byte-buddy-1.8.15.jar:/Users/mohammaddabbagh/.m2/repository/org/apache/commons/commons-exec/1.3/commons-exec-1.3.jar:/Users/mohammaddabbagh/.m2/repository/com/google/guava/guava/25.0-jre/guava-25.0-jre.jar:/Users/mohammaddabbagh/.m2/repository/com/google/code/findbugs/jsr305/1.3.9/jsr305-1.3.9.jar:/Users/mohammaddabbagh/.m2/repository/org/checkerframework/checker-compat-qual/2.0.0/checker-compat-qual-2.0.0.jar:/Users/mohammaddabbagh/.m2/repository/com/google/errorprone/error_prone_annotations/2.1.3/error_prone_annotations-2.1.3.jar:/Users/mohammaddabbagh/.m2/repository/com/google/j2objc/j2objc-annotations/1.1/j2objc-annotations-1.1.jar:/Users/mohammaddabbagh/.m2/repository/org/codehaus/mojo/animal-sniffer-annotations/1.14/animal-sniffer-annotations-1.14.jar:/Users/mohammaddabbagh/.m2/repository/com/squareup/okhttp3/okhttp/3.11.0/okhttp-3.11.0.jar:/Users/mohammaddabbagh/.m2/repository/com/squareup/okio/okio/1.14.0/okio-1.14.0.jar:/Users/mohammaddabbagh/.m2/repository/org/seleniumhq/selenium/selenium-chrome-driver/3.141.59/selenium-chrome-driver-3.141.59.jar:/Users/mohammaddabbagh/.m2/repository/org/seleniumhq/selenium/selenium-edge-driver/2.47.1/selenium-edge-driver-2.47.1.jar:/Users/mohammaddabbagh/.m2/repository/commons-io/commons-io/2.4/commons-io-2.4.jar:/Users/mohammaddabbagh/.m2/repository/org/seleniumhq/selenium/selenium-firefox-driver/3.141.59/selenium-firefox-driver-3.141.59.jar:/Users/mohammaddabbagh/.m2/repository/org/seleniumhq/selenium/selenium-ie-driver/3.141.59/selenium-ie-driver-3.141.59.jar:/Users/mohammaddabbagh/.m2/repository/com/github/jesg/phantomjsdriver/2.0.0/phantomjsdriver-2.0.0.jar:/Users/mohammaddabbagh/.m2/repository/io/github/bonigarcia/webdrivermanager/4.4.3/webdrivermanager-4.4.3.jar:/Users/mohammaddabbagh/.m2/repository/org/slf4j/slf4j-api/1.7.30/slf4j-api-1.7.30.jar:/Users/mohammaddabbagh/.m2/repository/org/apache/commons/commons-lang3/3.12.0/commons-lang3-3.12.0.jar:/Users/mohammaddabbagh/.m2/repository/org/apache/httpcomponents/client5/httpclient5/5.0.3/httpclient5-5.0.3.jar:/Users/mohammaddabbagh/.m2/repository/org/apache/httpcomponents/core5/httpcore5/5.0.2/httpcore5-5.0.2.jar:/Users/mohammaddabbagh/.m2/repository/org/apache/httpcomponents/core5/httpcore5-h2/5.0.2/httpcore5-h2-5.0.2.jar:/Users/mohammaddabbagh/.m2/repository/org/rauschig/jarchivelib/1.1.0/jarchivelib-1.1.0.jar:/Users/mohammaddabbagh/.m2/repository/org/apache/commons/commons-compress/1.20/commons-compress-1.20.jar:/Users/mohammaddabbagh/.m2/repository/org/jsoup/jsoup/1.13.1/jsoup-1.13.1.jar:/Users/mohammaddabbagh/.m2/repository/org/testng/testng/7.4.0/testng-7.4.0.jar:/Users/mohammaddabbagh/.m2/repository/com/beust/jcommander/1.78/jcommander-1.78.jar:/Users/mohammaddabbagh/.m2/repository/org/webjars/jquery/3.5.1/jquery-3.5.1.jar:/Users/mohammaddabbagh/.m2/repository/com/aventstack/extentreports/3.1.5/extentreports-3.1.5.jar:/Users/mohammaddabbagh/.m2/repository/org/freemarker/freemarker/2.3.23/freemarker-2.3.23.jar:/Users/mohammaddabbagh/.m2/repository/org/mongodb/mongodb-driver/3.3.0/mongodb-driver-3.3.0.jar:/Users/mohammaddabbagh/.m2/repository/org/mongodb/bson/3.3.0/bson-3.3.0.jar:/Users/mohammaddabbagh/.m2/repository/org/mongodb/mongodb-driver-core/3.3.0/mongodb-driver-core-3.3.0.jar:/Users/mohammaddabbagh/.m2/repository/org/apache/httpcomponents/httpmime/4.5.2/httpmime-4.5.2.jar:/Users/mohammaddabbagh/.m2/repository/org/apache/pdfbox/pdfbox/2.0.7/pdfbox-2.0.7.jar:/Users/mohammaddabbagh/.m2/repository/org/apache/pdfbox/fontbox/2.0.7/fontbox-2.0.7.jar:/Users/mohammaddabbagh/.m2/repository/commons-logging/commons-logging/1.2/commons-logging-1.2.jar:/Users/mohammaddabbagh/.m2/repository/org/apache/poi/poi/3.17/poi-3.17.jar:/Users/mohammaddabbagh/.m2/repository/commons-codec/commons-codec/1.10/commons-codec-1.10.jar:/Users/mohammaddabbagh/.m2/repository/org/apache/commons/commons-collections4/4.1/commons-collections4-4.1.jar:/Users/mohammaddabbagh/.m2/repository/org/apache/poi/poi-ooxml/3.17/poi-ooxml-3.17.jar:/Users/mohammaddabbagh/.m2/repository/org/apache/poi/poi-ooxml-schemas/3.17/poi-ooxml-schemas-3.17.jar:/Users/mohammaddabbagh/.m2/repository/org/apache/xmlbeans/xmlbeans/2.6.0/xmlbeans-2.6.0.jar:/Users/mohammaddabbagh/.m2/repository/stax/stax-api/1.0.1/stax-api-1.0.1.jar:/Users/mohammaddabbagh/.m2/repository/com/github/virtuald/curvesapi/1.04/curvesapi-1.04.jar:/Users/mohammaddabbagh/.m2/repository/org/w3c/dom/2.3.0-jaxb-1.0.6/dom-2.3.0-jaxb-1.0.6.jar:/Users/mohammaddabbagh/.m2/repository/javax/mail/javax.mail-api/1.6.2/javax.mail-api-1.6.2.jar:/Users/mohammaddabbagh/.m2/repository/javax/activation/activation/1.1.1/activation-1.1.1.jar:/Users/mohammaddabbagh/.m2/repository/com/sun/mail/javax.mail/1.6.0/javax.mail-1.6.0.jar:/Users/mohammaddabbagh/.m2/repository/org/assertj/assertj-core/3.21.0/assertj-core-3.21.0.jar:/Users/mohammaddabbagh/.m2/repository/org/hamcrest/java-hamcrest/2.0.0.0/java-hamcrest-2.0.0.0.jar:/Users/mohammaddabbagh/.m2/repository/io/rest-assured/rest-assured/4.4.0/rest-assured-4.4.0.jar:/Users/mohammaddabbagh/.m2/repository/org/codehaus/groovy/groovy/3.0.8/groovy-3.0.8.jar:/Users/mohammaddabbagh/.m2/repository/org/codehaus/groovy/groovy-xml/3.0.8/groovy-xml-3.0.8.jar:/Users/mohammaddabbagh/.m2/repository/org/hamcrest/hamcrest/2.1/hamcrest-2.1.jar:/Users/mohammaddabbagh/.m2/repository/org/ccil/cowan/tagsoup/tagsoup/1.2.1/tagsoup-1.2.1.jar:/Users/mohammaddabbagh/.m2/repository/io/rest-assured/json-path/4.4.0/json-path-4.4.0.jar:/Users/mohammaddabbagh/.m2/repository/org/codehaus/groovy/groovy-json/3.0.8/groovy-json-3.0.8.jar:/Users/mohammaddabbagh/.m2/repository/io/rest-assured/rest-assured-common/4.4.0/rest-assured-common-4.4.0.jar:/Users/mohammaddabbagh/.m2/repository/io/rest-assured/xml-path/4.4.0/xml-path-4.4.0.jar:/Users/mohammaddabbagh/.m2/repository/jakarta/xml/bind/jakarta.xml.bind-api/2.3.3/jakarta.xml.bind-api-2.3.3.jar:/Users/mohammaddabbagh/.m2/repository/jakarta/activation/jakarta.activation-api/1.2.2/jakarta.activation-api-1.2.2.jar:/Users/mohammaddabbagh/.m2/repository/com/sun/xml/bind/jaxb-impl/2.3.3/jaxb-impl-2.3.3.jar:/Users/mohammaddabbagh/.m2/repository/io/rest-assured/json-schema-validator/4.4.0/json-schema-validator-4.4.0.jar:/Users/mohammaddabbagh/.m2/repository/com/github/java-json-tools/json-schema-validator/2.2.14/json-schema-validator-2.2.14.jar:/Users/mohammaddabbagh/.m2/repository/com/github/java-json-tools/jackson-coreutils-equivalence/1.0/jackson-coreutils-equivalence-1.0.jar:/Users/mohammaddabbagh/.m2/repository/com/fasterxml/jackson/core/jackson-databind/2.11.0/jackson-databind-2.11.0.jar:/Users/mohammaddabbagh/.m2/repository/com/fasterxml/jackson/core/jackson-annotations/2.11.0/jackson-annotations-2.11.0.jar:/Users/mohammaddabbagh/.m2/repository/com/fasterxml/jackson/core/jackson-core/2.11.0/jackson-core-2.11.0.jar:/Users/mohammaddabbagh/.m2/repository/com/github/java-json-tools/jackson-coreutils/2.0/jackson-coreutils-2.0.jar:/Users/mohammaddabbagh/.m2/repository/com/github/java-json-tools/msg-simple/1.2/msg-simple-1.2.jar:/Users/mohammaddabbagh/.m2/repository/com/github/java-json-tools/btf/1.3/btf-1.3.jar:/Users/mohammaddabbagh/.m2/repository/com/github/java-json-tools/json-schema-core/1.2.14/json-schema-core-1.2.14.jar:/Users/mohammaddabbagh/.m2/repository/com/github/java-json-tools/uri-template/0.10/uri-template-0.10.jar:/Users/mohammaddabbagh/.m2/repository/org/mozilla/rhino/1.7.7.2/rhino-1.7.7.2.jar:/Users/mohammaddabbagh/.m2/repository/com/sun/mail/mailapi/1.6.2/mailapi-1.6.2.jar:/Users/mohammaddabbagh/.m2/repository/joda-time/joda-time/2.10.5/joda-time-2.10.5.jar:/Users/mohammaddabbagh/.m2/repository/com/googlecode/libphonenumber/libphonenumber/8.11.1/libphonenumber-8.11.1.jar:/Users/mohammaddabbagh/.m2/repository/net/sf/jopt-simple/jopt-simple/5.0.4/jopt-simple-5.0.4.jar:/Users/mohammaddabbagh/.m2/repository/org/json/json/20160212/json-20160212.jar:/Users/mohammaddabbagh/.m2/repository/com/google/code/gson/gson/2.9.0/gson-2.9.0.jar:/Users/mohammaddabbagh/.m2/repository/com/googlecode/json-simple/json-simple/1.1.1/json-simple-1.1.1.jar:/Users/mohammaddabbagh/.m2/repository/junit/junit/4.10/junit-4.10.jar:/Users/mohammaddabbagh/.m2/repository/org/hamcrest/hamcrest-core/1.1/hamcrest-core-1.1.jar:/Users/mohammaddabbagh/.m2/repository/org/apache/axis2/axis2-kernel/1.8.0/axis2-kernel-1.8.0.jar:/Users/mohammaddabbagh/.m2/repository/org/apache/ws/commons/axiom/axiom-api/1.3.0/axiom-api-1.3.0.jar:/Users/mohammaddabbagh/.m2/repository/jaxen/jaxen/1.2.0/jaxen-1.2.0.jar:/Users/mohammaddabbagh/.m2/repository/org/apache/james/apache-mime4j-core/0.8.4/apache-mime4j-core-0.8.4.jar:/Users/mohammaddabbagh/.m2/repository/org/apache/ws/commons/axiom/axiom-impl/1.3.0/axiom-impl-1.3.0.jar:/Users/mohammaddabbagh/.m2/repository/com/fasterxml/woodstox/woodstox-core/6.2.6/woodstox-core-6.2.6.jar:/Users/mohammaddabbagh/.m2/repository/org/codehaus/woodstox/stax2-api/4.2.1/stax2-api-4.2.1.jar:/Users/mohammaddabbagh/.m2/repository/org/apache/geronimo/specs/geronimo-ws-metadata_2.0_spec/1.1.3/geronimo-ws-metadata_2.0_spec-1.1.3.jar:/Users/mohammaddabbagh/.m2/repository/javax/transaction/javax.transaction-api/1.3/javax.transaction-api-1.3.jar:/Users/mohammaddabbagh/.m2/repository/javax/servlet/javax.servlet-api/3.1.0/javax.servlet-api-3.1.0.jar:/Users/mohammaddabbagh/.m2/repository/commons-fileupload/commons-fileupload/1.4/commons-fileupload-1.4.jar:/Users/mohammaddabbagh/.m2/repository/wsdl4j/wsdl4j/1.6.3/wsdl4j-1.6.3.jar:/Users/mohammaddabbagh/.m2/repository/org/apache/ws/xmlschema/xmlschema-core/2.2.5/xmlschema-core-2.2.5.jar:/Users/mohammaddabbagh/.m2/repository/org/apache/neethi/neethi/3.1.1/neethi-3.1.1.jar:/Users/mohammaddabbagh/.m2/repository/org/apache/woden/woden-core/1.0M10/woden-core-1.0M10.jar:/Users/mohammaddabbagh/.m2/repository/javax/ws/rs/jsr311-api/1.1.1/jsr311-api-1.1.1.jar:/Users/mohammaddabbagh/.m2/repository/org/apache/axis2/axis2-adb/1.8.0/axis2-adb-1.8.0.jar:/Users/mohammaddabbagh/.m2/repository/org/apache/ws/commons/axiom/axiom-dom/1.3.0/axiom-dom-1.3.0.jar:/Users/mohammaddabbagh/.m2/repository/org/apache/httpcomponents/httpclient/4.5.13/httpclient-4.5.13.jar:/Users/mohammaddabbagh/.m2/repository/org/apache/httpcomponents/httpcore/4.4.13/httpcore-4.4.13.jar:/Users/mohammaddabbagh/.m2/repository/org/samba/jcifs/jcifs/1.3.3/jcifs-1.3.3.jar:"/>
    <property name="java.vm.vendor" value="Oracle Corporation"/>
    <property name="sun.arch.data.model" value="64"/>
    <property name="java.vendor.url" value="https://java.oracle.com/"/>
    <property name="os.name" value="Mac OS X"/>
    <property name="java.vm.specification.version" value="15"/>
    <property name="sun.java.launcher" value="SUN_STANDARD"/>
    <property name="user.country" value="JO"/>
    <property name="sun.boot.library.path" value="/Library/Java/JavaVirtualMachines/jdk-15.0.2.jdk/Contents/Home/lib"/>
    <property name="sun.java.command" value="/Users/mohammaddabbagh/eclipse-workspace/capital/target/surefire/surefirebooter11419128390552357205.jar /Users/mohammaddabbagh/eclipse-workspace/capital/target/surefire 2022-05-09T19-58-18_244-jvmRun1 surefire18123813285420474531tmp surefire_017571211527332362658tmp"/>
    <property name="http.nonProxyHosts" value="local|*.local|169.254/16|*.169.254/16"/>
    <property name="jdk.debug" value="release"/>
    <property name="surefire.test.class.path" value="/Users/mohammaddabbagh/eclipse-workspace/capital/target/test-classes:/Users/mohammaddabbagh/eclipse-workspace/capital/target/classes:/Users/mohammaddabbagh/.m2/repository/org/seleniumhq/selenium/selenium-java/3.141.59/selenium-java-3.141.59.jar:/Users/mohammaddabbagh/.m2/repository/org/seleniumhq/selenium/selenium-api/3.141.59/selenium-api-3.141.59.jar:/Users/mohammaddabbagh/.m2/repository/org/seleniumhq/selenium/selenium-opera-driver/3.141.59/selenium-opera-driver-3.141.59.jar:/Users/mohammaddabbagh/.m2/repository/org/seleniumhq/selenium/selenium-remote-driver/3.141.59/selenium-remote-driver-3.141.59.jar:/Users/mohammaddabbagh/.m2/repository/org/seleniumhq/selenium/selenium-safari-driver/3.141.59/selenium-safari-driver-3.141.59.jar:/Users/mohammaddabbagh/.m2/repository/org/seleniumhq/selenium/selenium-support/3.141.59/selenium-support-3.141.59.jar:/Users/mohammaddabbagh/.m2/repository/net/bytebuddy/byte-buddy/1.8.15/byte-buddy-1.8.15.jar:/Users/mohammaddabbagh/.m2/repository/org/apache/commons/commons-exec/1.3/commons-exec-1.3.jar:/Users/mohammaddabbagh/.m2/repository/com/google/guava/guava/25.0-jre/guava-25.0-jre.jar:/Users/mohammaddabbagh/.m2/repository/com/google/code/findbugs/jsr305/1.3.9/jsr305-1.3.9.jar:/Users/mohammaddabbagh/.m2/repository/org/checkerframework/checker-compat-qual/2.0.0/checker-compat-qual-2.0.0.jar:/Users/mohammaddabbagh/.m2/repository/com/google/errorprone/error_prone_annotations/2.1.3/error_prone_annotations-2.1.3.jar:/Users/mohammaddabbagh/.m2/repository/com/google/j2objc/j2objc-annotations/1.1/j2objc-annotations-1.1.jar:/Users/mohammaddabbagh/.m2/repository/org/codehaus/mojo/animal-sniffer-annotations/1.14/animal-sniffer-annotations-1.14.jar:/Users/mohammaddabbagh/.m2/repository/com/squareup/okhttp3/okhttp/3.11.0/okhttp-3.11.0.jar:/Users/mohammaddabbagh/.m2/repository/com/squareup/okio/okio/1.14.0/okio-1.14.0.jar:/Users/mohammaddabbagh/.m2/repository/org/seleniumhq/selenium/selenium-chrome-driver/3.141.59/selenium-chrome-driver-3.141.59.jar:/Users/mohammaddabbagh/.m2/repository/org/seleniumhq/selenium/selenium-edge-driver/2.47.1/selenium-edge-driver-2.47.1.jar:/Users/mohammaddabbagh/.m2/repository/commons-io/commons-io/2.4/commons-io-2.4.jar:/Users/mohammaddabbagh/.m2/repository/org/seleniumhq/selenium/selenium-firefox-driver/3.141.59/selenium-firefox-driver-3.141.59.jar:/Users/mohammaddabbagh/.m2/repository/org/seleniumhq/selenium/selenium-ie-driver/3.141.59/selenium-ie-driver-3.141.59.jar:/Users/mohammaddabbagh/.m2/repository/com/github/jesg/phantomjsdriver/2.0.0/phantomjsdriver-2.0.0.jar:/Users/mohammaddabbagh/.m2/repository/io/github/bonigarcia/webdrivermanager/4.4.3/webdrivermanager-4.4.3.jar:/Users/mohammaddabbagh/.m2/repository/org/slf4j/slf4j-api/1.7.30/slf4j-api-1.7.30.jar:/Users/mohammaddabbagh/.m2/repository/org/apache/commons/commons-lang3/3.12.0/commons-lang3-3.12.0.jar:/Users/mohammaddabbagh/.m2/repository/org/apache/httpcomponents/client5/httpclient5/5.0.3/httpclient5-5.0.3.jar:/Users/mohammaddabbagh/.m2/repository/org/apache/httpcomponents/core5/httpcore5/5.0.2/httpcore5-5.0.2.jar:/Users/mohammaddabbagh/.m2/repository/org/apache/httpcomponents/core5/httpcore5-h2/5.0.2/httpcore5-h2-5.0.2.jar:/Users/mohammaddabbagh/.m2/repository/org/rauschig/jarchivelib/1.1.0/jarchivelib-1.1.0.jar:/Users/mohammaddabbagh/.m2/repository/org/apache/commons/commons-compress/1.20/commons-compress-1.20.jar:/Users/mohammaddabbagh/.m2/repository/org/jsoup/jsoup/1.13.1/jsoup-1.13.1.jar:/Users/mohammaddabbagh/.m2/repository/org/testng/testng/7.4.0/testng-7.4.0.jar:/Users/mohammaddabbagh/.m2/repository/com/beust/jcommander/1.78/jcommander-1.78.jar:/Users/mohammaddabbagh/.m2/repository/org/webjars/jquery/3.5.1/jquery-3.5.1.jar:/Users/mohammaddabbagh/.m2/repository/com/aventstack/extentreports/3.1.5/extentreports-3.1.5.jar:/Users/mohammaddabbagh/.m2/repository/org/freemarker/freemarker/2.3.23/freemarker-2.3.23.jar:/Users/mohammaddabbagh/.m2/repository/org/mongodb/mongodb-driver/3.3.0/mongodb-driver-3.3.0.jar:/Users/mohammaddabbagh/.m2/repository/org/mongodb/bson/3.3.0/bson-3.3.0.jar:/Users/mohammaddabbagh/.m2/repository/org/mongodb/mongodb-driver-core/3.3.0/mongodb-driver-core-3.3.0.jar:/Users/mohammaddabbagh/.m2/repository/org/apache/httpcomponents/httpmime/4.5.2/httpmime-4.5.2.jar:/Users/mohammaddabbagh/.m2/repository/org/apache/pdfbox/pdfbox/2.0.7/pdfbox-2.0.7.jar:/Users/mohammaddabbagh/.m2/repository/org/apache/pdfbox/fontbox/2.0.7/fontbox-2.0.7.jar:/Users/mohammaddabbagh/.m2/repository/commons-logging/commons-logging/1.2/commons-logging-1.2.jar:/Users/mohammaddabbagh/.m2/repository/org/apache/poi/poi/3.17/poi-3.17.jar:/Users/mohammaddabbagh/.m2/repository/commons-codec/commons-codec/1.10/commons-codec-1.10.jar:/Users/mohammaddabbagh/.m2/repository/org/apache/commons/commons-collections4/4.1/commons-collections4-4.1.jar:/Users/mohammaddabbagh/.m2/repository/org/apache/poi/poi-ooxml/3.17/poi-ooxml-3.17.jar:/Users/mohammaddabbagh/.m2/repository/org/apache/poi/poi-ooxml-schemas/3.17/poi-ooxml-schemas-3.17.jar:/Users/mohammaddabbagh/.m2/repository/org/apache/xmlbeans/xmlbeans/2.6.0/xmlbeans-2.6.0.jar:/Users/mohammaddabbagh/.m2/repository/stax/stax-api/1.0.1/stax-api-1.0.1.jar:/Users/mohammaddabbagh/.m2/repository/com/github/virtuald/curvesapi/1.04/curvesapi-1.04.jar:/Users/mohammaddabbagh/.m2/repository/org/w3c/dom/2.3.0-jaxb-1.0.6/dom-2.3.0-jaxb-1.0.6.jar:/Users/mohammaddabbagh/.m2/repository/javax/mail/javax.mail-api/1.6.2/javax.mail-api-1.6.2.jar:/Users/mohammaddabbagh/.m2/repository/javax/activation/activation/1.1.1/activation-1.1.1.jar:/Users/mohammaddabbagh/.m2/repository/com/sun/mail/javax.mail/1.6.0/javax.mail-1.6.0.jar:/Users/mohammaddabbagh/.m2/repository/org/assertj/assertj-core/3.21.0/assertj-core-3.21.0.jar:/Users/mohammaddabbagh/.m2/repository/org/hamcrest/java-hamcrest/2.0.0.0/java-hamcrest-2.0.0.0.jar:/Users/mohammaddabbagh/.m2/repository/io/rest-assured/rest-assured/4.4.0/rest-assured-4.4.0.jar:/Users/mohammaddabbagh/.m2/repository/org/codehaus/groovy/groovy/3.0.8/groovy-3.0.8.jar:/Users/mohammaddabbagh/.m2/repository/org/codehaus/groovy/groovy-xml/3.0.8/groovy-xml-3.0.8.jar:/Users/mohammaddabbagh/.m2/repository/org/hamcrest/hamcrest/2.1/hamcrest-2.1.jar:/Users/mohammaddabbagh/.m2/repository/org/ccil/cowan/tagsoup/tagsoup/1.2.1/tagsoup-1.2.1.jar:/Users/mohammaddabbagh/.m2/repository/io/rest-assured/json-path/4.4.0/json-path-4.4.0.jar:/Users/mohammaddabbagh/.m2/repository/org/codehaus/groovy/groovy-json/3.0.8/groovy-json-3.0.8.jar:/Users/mohammaddabbagh/.m2/repository/io/rest-assured/rest-assured-common/4.4.0/rest-assured-common-4.4.0.jar:/Users/mohammaddabbagh/.m2/repository/io/rest-assured/xml-path/4.4.0/xml-path-4.4.0.jar:/Users/mohammaddabbagh/.m2/repository/jakarta/xml/bind/jakarta.xml.bind-api/2.3.3/jakarta.xml.bind-api-2.3.3.jar:/Users/mohammaddabbagh/.m2/repository/jakarta/activation/jakarta.activation-api/1.2.2/jakarta.activation-api-1.2.2.jar:/Users/mohammaddabbagh/.m2/repository/com/sun/xml/bind/jaxb-impl/2.3.3/jaxb-impl-2.3.3.jar:/Users/mohammaddabbagh/.m2/repository/io/rest-assured/json-schema-validator/4.4.0/json-schema-validator-4.4.0.jar:/Users/mohammaddabbagh/.m2/repository/com/github/java-json-tools/json-schema-validator/2.2.14/json-schema-validator-2.2.14.jar:/Users/mohammaddabbagh/.m2/repository/com/github/java-json-tools/jackson-coreutils-equivalence/1.0/jackson-coreutils-equivalence-1.0.jar:/Users/mohammaddabbagh/.m2/repository/com/fasterxml/jackson/core/jackson-databind/2.11.0/jackson-databind-2.11.0.jar:/Users/mohammaddabbagh/.m2/repository/com/fasterxml/jackson/core/jackson-annotations/2.11.0/jackson-annotations-2.11.0.jar:/Users/mohammaddabbagh/.m2/repository/com/fasterxml/jackson/core/jackson-core/2.11.0/jackson-core-2.11.0.jar:/Users/mohammaddabbagh/.m2/repository/com/github/java-json-tools/jackson-coreutils/2.0/jackson-coreutils-2.0.jar:/Users/mohammaddabbagh/.m2/repository/com/github/java-json-tools/msg-simple/1.2/msg-simple-1.2.jar:/Users/mohammaddabbagh/.m2/repository/com/github/java-json-tools/btf/1.3/btf-1.3.jar:/Users/mohammaddabbagh/.m2/repository/com/github/java-json-tools/json-schema-core/1.2.14/json-schema-core-1.2.14.jar:/Users/mohammaddabbagh/.m2/repository/com/github/java-json-tools/uri-template/0.10/uri-template-0.10.jar:/Users/mohammaddabbagh/.m2/repository/org/mozilla/rhino/1.7.7.2/rhino-1.7.7.2.jar:/Users/mohammaddabbagh/.m2/repository/com/sun/mail/mailapi/1.6.2/mailapi-1.6.2.jar:/Users/mohammaddabbagh/.m2/repository/joda-time/joda-time/2.10.5/joda-time-2.10.5.jar:/Users/mohammaddabbagh/.m2/repository/com/googlecode/libphonenumber/libphonenumber/8.11.1/libphonenumber-8.11.1.jar:/Users/mohammaddabbagh/.m2/repository/net/sf/jopt-simple/jopt-simple/5.0.4/jopt-simple-5.0.4.jar:/Users/mohammaddabbagh/.m2/repository/org/json/json/20160212/json-20160212.jar:/Users/mohammaddabbagh/.m2/repository/com/google/code/gson/gson/2.9.0/gson-2.9.0.jar:/Users/mohammaddabbagh/.m2/repository/com/googlecode/json-simple/json-simple/1.1.1/json-simple-1.1.1.jar:/Users/mohammaddabbagh/.m2/repository/junit/junit/4.10/junit-4.10.jar:/Users/mohammaddabbagh/.m2/repository/org/hamcrest/hamcrest-core/1.1/hamcrest-core-1.1.jar:/Users/mohammaddabbagh/.m2/repository/org/apache/axis2/axis2-kernel/1.8.0/axis2-kernel-1.8.0.jar:/Users/mohammaddabbagh/.m2/repository/org/apache/ws/commons/axiom/axiom-api/1.3.0/axiom-api-1.3.0.jar:/Users/mohammaddabbagh/.m2/repository/jaxen/jaxen/1.2.0/jaxen-1.2.0.jar:/Users/mohammaddabbagh/.m2/repository/org/apache/james/apache-mime4j-core/0.8.4/apache-mime4j-core-0.8.4.jar:/Users/mohammaddabbagh/.m2/repository/org/apache/ws/commons/axiom/axiom-impl/1.3.0/axiom-impl-1.3.0.jar:/Users/mohammaddabbagh/.m2/repository/com/fasterxml/woodstox/woodstox-core/6.2.6/woodstox-core-6.2.6.jar:/Users/mohammaddabbagh/.m2/repository/org/codehaus/woodstox/stax2-api/4.2.1/stax2-api-4.2.1.jar:/Users/mohammaddabbagh/.m2/repository/org/apache/geronimo/specs/geronimo-ws-metadata_2.0_spec/1.1.3/geronimo-ws-metadata_2.0_spec-1.1.3.jar:/Users/mohammaddabbagh/.m2/repository/javax/transaction/javax.transaction-api/1.3/javax.transaction-api-1.3.jar:/Users/mohammaddabbagh/.m2/repository/javax/servlet/javax.servlet-api/3.1.0/javax.servlet-api-3.1.0.jar:/Users/mohammaddabbagh/.m2/repository/commons-fileupload/commons-fileupload/1.4/commons-fileupload-1.4.jar:/Users/mohammaddabbagh/.m2/repository/wsdl4j/wsdl4j/1.6.3/wsdl4j-1.6.3.jar:/Users/mohammaddabbagh/.m2/repository/org/apache/ws/xmlschema/xmlschema-core/2.2.5/xmlschema-core-2.2.5.jar:/Users/mohammaddabbagh/.m2/repository/org/apache/neethi/neethi/3.1.1/neethi-3.1.1.jar:/Users/mohammaddabbagh/.m2/repository/org/apache/woden/woden-core/1.0M10/woden-core-1.0M10.jar:/Users/mohammaddabbagh/.m2/repository/javax/ws/rs/jsr311-api/1.1.1/jsr311-api-1.1.1.jar:/Users/mohammaddabbagh/.m2/repository/org/apache/axis2/axis2-adb/1.8.0/axis2-adb-1.8.0.jar:/Users/mohammaddabbagh/.m2/repository/org/apache/ws/commons/axiom/axiom-dom/1.3.0/axiom-dom-1.3.0.jar:/Users/mohammaddabbagh/.m2/repository/org/apache/httpcomponents/httpclient/4.5.13/httpclient-4.5.13.jar:/Users/mohammaddabbagh/.m2/repository/org/apache/httpcomponents/httpcore/4.4.13/httpcore-4.4.13.jar:/Users/mohammaddabbagh/.m2/repository/org/samba/jcifs/jcifs/1.3.3/jcifs-1.3.3.jar:"/>
    <property name="sun.cpu.endian" value="little"/>
    <property name="user.home" value="/Users/mohammaddabbagh"/>
    <property name="user.language" value="en"/>
    <property name="java.specification.vendor" value="Oracle Corporation"/>
    <property name="java.version.date" value="2021-01-19"/>
    <property name="java.home" value="/Library/Java/JavaVirtualMachines/jdk-15.0.2.jdk/Contents/Home"/>
    <property name="file.separator" value="/"/>
    <property name="basedir" value="/Users/mohammaddabbagh/eclipse-workspace/capital"/>
    <property name="java.vm.compressedOopsMode" value="Zero based"/>
    <property name="line.separator" value="&#10;"/>
    <property name="java.specification.name" value="Java Platform API Specification"/>
    <property name="java.vm.specification.vendor" value="Oracle Corporation"/>
    <property name="surefire.real.class.path" value="/Users/mohammaddabbagh/eclipse-workspace/capital/target/surefire/surefirebooter11419128390552357205.jar"/>
    <property name="sun.management.compiler" value="HotSpot 64-Bit Tiered Compilers"/>
    <property name="ftp.nonProxyHosts" value="local|*.local|169.254/16|*.169.254/16"/>
    <property name="java.runtime.version" value="15.0.2+7-27"/>
    <property name="user.name" value="mohammaddabbagh"/>
    <property name="path.separator" value=":"/>
    <property name="os.version" value="10.16"/>
    <property name="java.runtime.name" value="Java(TM) SE Runtime Environment"/>
    <property name="file.encoding" value="UTF-8"/>
    <property name="java.vm.name" value="Java HotSpot(TM) 64-Bit Server VM"/>
    <property name="localRepository" value="/Users/mohammaddabbagh/.m2/repository"/>
    <property name="java.vendor.url.bug" value="https://bugreport.java.com/bugreport/"/>
    <property name="java.io.tmpdir" value="/var/folders/5z/6mw010057_5fhs13r2hg3gr40000gn/T/"/>
    <property name="java.version" value="15.0.2"/>
    <property name="user.dir" value="/Users/mohammaddabbagh/eclipse-workspace/capital"/>
    <property name="os.arch" value="x86_64"/>
    <property name="java.vm.specification.name" value="Java Virtual Machine Specification"/>
    <property name="java.library.path" value="/Users/mohammaddabbagh/Library/Java/Extensions:/Library/Java/Extensions:/Network/Library/Java/Extensions:/System/Library/Java/Extensions:/usr/lib/java:."/>
    <property name="java.vm.info" value="mixed mode, sharing"/>
    <property name="java.vendor" value="Oracle Corporation"/>
    <property name="java.vm.version" value="15.0.2+7-27"/>
    <property name="sun.io.unicode.encoding" value="UnicodeBig"/>
    <property name="socksNonProxyHosts" value="local|*.local|169.254/16|*.169.254/16"/>
    <property name="java.class.version" value="59.0"/>
  </properties>
</testsuite>