<?xml version="1.0" encoding="UTF-8"?>
<!-- Generated by org.testng.reporters.JUnitReportReporter -->
<testsuite hostname="mohammaddabbaghs-macbook-pro.home" failures="0" tests="1" name="reportingFunction.reportingFunction" time="3.069" errors="1" timestamp="2022-05-09T19:55:50 EEST" skipped="0">
  <testcase classname="reportingFunction.reportingFunction" name="aftersuite" time="3.069">
    <error message="javax.mail.MessagingException: IOException while sending message;
  nested exception is:
	java.io.IOException: No MimeBodyPart content" type="java.lang.RuntimeException">
      <![CDATA[java.lang.RuntimeException: javax.mail.MessagingException: IOException while sending message;
  nested exception is:
java.io.IOException: No MimeBodyPart content
at reportingFunction.reportingFunction.aftersuite(reportingFunction.java:294)
at java.base/jdk.internal.reflect.NativeMethodAccessorImpl.invoke0(Native Method)
at java.base/jdk.internal.reflect.NativeMethodAccessorImpl.invoke(NativeMethodAccessorImpl.java:64)
at java.base/jdk.internal.reflect.DelegatingMethodAccessorImpl.invoke(DelegatingMethodAccessorImpl.java:43)
at java.base/java.lang.reflect.Method.invoke(Method.java:564)
at org.testng.internal.MethodInvocationHelper.invokeMethod(MethodInvocationHelper.java:133)
at org.testng.internal.MethodInvocationHelper.invokeMethodConsideringTimeout(MethodInvocationHelper.java:62)
at org.testng.internal.ConfigInvoker.invokeConfigurationMethod(ConfigInvoker.java:385)
at org.testng.internal.ConfigInvoker.invokeConfigurations(ConfigInvoker.java:321)
at org.testng.SuiteRunner.privateRun(SuiteRunner.java:344)
at org.testng.SuiteRunner.run(SuiteRunner.java:276)
at org.testng.SuiteRunnerWorker.runSuite(SuiteRunnerWorker.java:53)
at org.testng.SuiteRunnerWorker.run(SuiteRunnerWorker.java:96)
at org.testng.TestNG.runSuitesSequentially(TestNG.java:1212)
at org.testng.TestNG.runSuitesLocally(TestNG.java:1134)
at org.testng.TestNG.runSuites(TestNG.java:1063)
at org.testng.TestNG.run(TestNG.java:1031)
at org.apache.maven.surefire.testng.TestNGExecutor.run(TestNGExecutor.java:283)
at org.apache.maven.surefire.testng.TestNGXmlTestSuite.execute(TestNGXmlTestSuite.java:75)
at org.apache.maven.surefire.testng.TestNGProvider.invoke(TestNGProvider.java:120)
at org.apache.maven.surefire.booter.ForkedBooter.invokeProviderInSameClassLoader(ForkedBooter.java:384)
at org.apache.maven.surefire.booter.ForkedBooter.runSuitesInProcess(ForkedBooter.java:345)
at org.apache.maven.surefire.booter.ForkedBooter.execute(ForkedBooter.java:126)
at org.apache.maven.surefire.booter.ForkedBooter.main(ForkedBooter.java:418)
Caused by: javax.mail.MessagingException: IOException while sending message;
  nested exception is:
java.io.IOException: No MimeBodyPart content
at com.sun.mail.smtp.SMTPTransport.sendMessage(SMTPTransport.java:1350)
at javax.mail.Transport.send0(Transport.java:255)
at javax.mail.Transport.send(Transport.java:124)
at reportingFunction.reportingFunction.aftersuite(reportingFunction.java:287)
... 23 more
Caused by: java.io.IOException: No MimeBodyPart content
at javax.mail.internet.MimePartDataSource.getInputStream(MimePartDataSource.java:116)
at javax.activation.DataHandler.writeTo(DataHandler.java:318)
at javax.mail.internet.MimeBodyPart.writeTo(MimeBodyPart.java:1694)
at javax.mail.internet.MimeBodyPart.writeTo(MimeBodyPart.java:996)
at javax.mail.internet.MimeMultipart.writeTo(MimeMultipart.java:561)
at com.sun.mail.handlers.multipart_mixed.writeTo(multipart_mixed.java:84)
at javax.activation.ObjectDataContentHandler.writeTo(DataHandler.java:897)
at javax.activation.DataHandler.writeTo(DataHandler.java:330)
at javax.mail.internet.MimeBodyPart.writeTo(MimeBodyPart.java:1694)
at javax.mail.internet.MimeMessage.writeTo(MimeMessage.java:1913)
at com.sun.mail.smtp.SMTPTransport.sendMessage(SMTPTransport.java:1300)
... 26 more
Caused by: javax.mail.MessagingException: No MimeBodyPart content
at javax.mail.internet.MimeBodyPart.getContentStream(MimeBodyPart.java:618)
at javax.mail.internet.MimePartDataSource.getInputStream(MimePartDataSource.java:100)
... 36 more
]]>
    </error>
  </testcase> <!-- aftersuite -->
  <system-out/>
</testsuite> <!-- reportingFunction.reportingFunction -->
