<?xml version="1.0" encoding="UTF-8"?>
<!-- Generated by org.testng.reporters.JUnitReportReporter -->
<testsuite hostname="MohammadDabbaghs-MacBook-Pro" failures="0" tests="1" name="capital_UI_Smoke.SmokeSuite" time="14.802" errors="0" timestamp="2022-05-08T17:00:16 EEST" skipped="0">
  <testcase classname="capital_UI_Smoke.SmokeSuite" name="login_test" time="14.802"/>
  <system-out/>
</testsuite> <!-- capital_UI_Smoke.SmokeSuite -->
