<?xml version="1.0" encoding="UTF-8"?>
<!-- Generated by org.testng.reporters.JUnitReportReporter -->
<testsuite skipped="0" hostname="MohammadDabbaghs-MacBook-Pro.local" name="capital_UI_Smoke.SmokeSuite" tests="1" failures="0" timestamp="2022-03-10T21:32:45 EET" time="5.963" errors="0">
  <testcase name="login_test" time="5.963" classname="capital_UI_Smoke.SmokeSuite"/>
  <system-out/>
</testsuite> <!-- capital_UI_Smoke.SmokeSuite -->
